2023-04-10 14:18:21,191 - INFO white's turn
2023-04-10 14:18:21,256 - INFO white's turn
2023-04-10 14:18:21,323 - INFO white's turn
2023-04-10 14:18:21,390 - INFO white's turn
2023-04-10 14:18:21,457 - INFO white's turn
2023-04-10 14:18:21,525 - INFO white's turn
2023-04-10 14:18:21,590 - INFO white's turn
2023-04-10 14:18:22,321 - INFO black's turn
2023-04-10 14:18:22,388 - INFO black's turn
2023-04-10 14:18:22,457 - INFO black's turn
2023-04-10 14:18:22,521 - INFO black's turn
2023-04-10 14:18:22,586 - INFO black's turn
2023-04-10 14:18:22,654 - INFO black's turn
2023-04-10 14:18:23,385 - INFO white's turn
2023-04-10 14:18:23,451 - INFO white's turn
2023-04-10 14:18:23,517 - INFO white's turn
2023-04-10 14:18:23,584 - INFO white's turn
2023-04-10 14:18:23,651 - INFO white's turn
2023-04-10 14:18:23,719 - INFO white's turn
2023-04-10 14:18:23,783 - INFO white's turn
2023-04-10 14:18:23,849 - INFO white's turn
2023-04-10 14:18:23,915 - INFO white's turn
2023-04-10 14:18:23,982 - INFO white's turn
2023-04-10 14:18:24,514 - INFO black's turn
2023-04-10 14:18:24,580 - INFO black's turn
2023-04-10 14:18:24,646 - INFO black's turn
2023-04-10 14:18:24,713 - INFO black's turn
2023-04-10 14:18:24,781 - INFO black's turn
2023-04-10 14:18:24,846 - INFO black's turn
2023-04-10 14:18:24,912 - INFO black's turn
2023-04-10 14:18:25,578 - INFO white's turn
2023-04-10 14:18:25,646 - INFO white's turn
2023-04-10 14:18:25,711 - INFO white's turn
2023-04-10 14:18:25,778 - INFO white's turn
2023-04-10 14:18:25,844 - INFO white's turn
2023-04-10 14:18:25,913 - INFO white's turn
2023-04-10 14:18:25,977 - INFO white's turn
2023-04-10 14:18:26,044 - INFO white's turn
2023-04-10 14:18:26,508 - INFO black's turn
2023-04-10 14:18:26,574 - INFO black's turn
2023-04-10 14:18:26,642 - INFO black's turn
2023-04-10 14:18:26,708 - INFO black's turn
2023-04-10 14:18:26,775 - INFO black's turn
2023-04-10 14:18:28,365 - INFO exiting the game
2023-04-10 14:18:28,368 - INFO Knights have moved 0 times in total.
2023-04-10 14:18:28,368 - INFO number of remaining pieces: 30
2023-04-10 14:18:28,368 - INFO total number of checks in game: 1024.
